<?xml version="1.0" encoding="UTF-8"?>
<!-- Generated by org.testng.reporters.JUnitXMLReporter -->
<testsuite ignored="0" hostname="DESKTOP-ACCEJCF" failures="0" tests="19" name="Swag Labs Website Test cases" time="96.352" errors="0" timestamp="2025-05-03T19:08:07 IST">
  <testcase classname="com.swag.qa.test.LoginPageTest" name="loginPageTitleTest" time="0.095"/>
  <testcase classname="com.swag.qa.test.LoginPageTest" name="loginTest" time="1.581"/>
  <testcase classname="com.swag.qa.test.ProductPageTest" name="productPageHeaderTitleTest" time="0.086"/>
  <testcase classname="com.swag.qa.test.ProductPageTest" name="selectDropDownTest" time="0.337"/>
  <testcase classname="com.swag.qa.test.ProductPageTest" name="addToCartButtonTest" time="0.21"/>
  <testcase classname="com.swag.qa.test.ProductPageTest" name="RemoveButtonTest" time="0.329"/>
  <testcase classname="com.swag.qa.test.ProductPageTest" name="ShoppingCartLinkTest" time="0.194"/>
  <testcase classname="com.swag.qa.test.CartPageTest" name="cartPageTitleTest" time="0.113"/>
  <testcase classname="com.swag.qa.test.CartPageTest" name="continueShoppingButtonTest" time="0.163"/>
  <testcase classname="com.swag.qa.test.CartPageTest" name="checkoutButtonTest" time="0.241"/>
  <testcase classname="com.swag.qa.test.CheckoutPageTest" name="checkoutPageTitleTest" time="0.056"/>
  <testcase classname="com.swag.qa.test.CheckoutPageTest" name="inputInformationFieldsTest" time="0.573"/>
  <testcase classname="com.swag.qa.test.CheckoutPageTest" name="cancelButtonTest" time="0.002"/>
  <testcase classname="com.swag.qa.test.CheckoutOverviewPageTest" name="checkoutOverviewTitleTest" time="0.044"/>
  <testcase classname="com.swag.qa.test.CheckoutOverviewPageTest" name="cancelButtonTest" time="0.144"/>
  <testcase classname="com.swag.qa.test.CheckoutOverviewPageTest" name="finishButtonTest" time="0.176"/>
  <testcase classname="com.swag.qa.test.CheckoutCompletePageTest" name="backHomeButtonTest" time="0.141"/>
  <testcase classname="com.swag.qa.test.CheckoutCompletePageTest" name="checkoutCompletePageTest" time="0.045"/>
  <testcase classname="com.swag.qa.test.CheckoutCompletePageTest" name="thankyouMessageTest" time="0.042"/>
</testsuite> <!-- Swag Labs Website Test cases -->
